<?xml version="1.0" encoding="UTF-8" ?>
<testsuite 
errors="0" failures="0" hostname="ip-172-33-201-64.eu-west-1.compute.internal" name="com.sparkbeyond.testkit.regression.projectList.ProjectDeleteTests" tests="0" time="0.0" timestamp="2018-06-26T14:23:13">
  <properties>
    <property name="java.runtime.name" value="Java(TM) SE Runtime Environment">
    </property>
    <property 
    name="sun.boot.library.path" value="/usr/java/jdk1.8.0_131/jre/lib/amd64">
</property>
    <property name="java.vm.version" value="25.131-b11"/>
    <property name="java.vm.vendor" value="Oracle Corporation"/>
    <property name="java.vendor.url" value="http://java.oracle.com/"/>
    <property name="path.separator" value=":"/>
    <property name="java.vm.name" value="Java HotSpot(TM) 64-Bit Server VM"/>
    <property name="file.encoding.pkg" value="sun.io"/>
    <property name="user.country" value="US"/>
    <property name="sun.java.launcher" value="SUN_STANDARD"/>
    <property name="sun.os.patch.level" value="unknown"/>
    <property 
    name="java.vm.specification.name" value="Java Virtual Machine Specification">
</property>
    <property name="user.dir" value="/home/coderbot/build/testkit"/>
    <property name="java.runtime.version" value="1.8.0_131-b11"/>
    <property name="url.address" value="172.33.201.64"/>
    <property 
    name="java.awt.graphicsenv" value="sun.awt.X11GraphicsEnvironment">
</property>
    <property 
    name="java.endorsed.dirs" value="/usr/java/jdk1.8.0_131/jre/lib/endorsed">
</property>
    <property name="os.arch" value="amd64"/>
    <property name="java.io.tmpdir" value="/tmp"/>
    <property name="line.separator" value=" "/>
    <property name="java.vm.specification.vendor" value="Oracle Corporation"/>
    <property name="os.name" value="Linux"/>
    <property name="sun.jnu.encoding" value="UTF-8"/>
    <property 
    name="java.library.path" value="/usr/java/packages/lib/amd64:/usr/lib64:/lib64:/lib:/usr/lib">
</property>
    <property name="url.ssl" value="false"/>
    <property 
    name="java.specification.name" value="Java Platform API Specification">
</property>
    <property name="java.class.version" value="52.0"/>
    <property 
    name="sun.management.compiler" value="HotSpot 64-Bit Tiered Compilers">
</property>
    <property name="prog.version" value="1.0"/>
    <property name="os.version" value="3.10.0-327.el7.x86_64"/>
    <property 
    name="webDriverRemoteUrl" value="http://172.33.85.233:4444/wd/hub">
</property>
    <property name="user.home" value="/home/coderbot"/>
    <property name="user.timezone" value=""/>
    <property name="timeotMultiplier" value="3"/>
    <property name="java.awt.printerjob" value="sun.print.PSPrinterJob"/>
    <property name="java.specification.version" value="1.8"/>
    <property name="file.encoding" value="UTF-8"/>
    <property name="user.name" value="coderbot"/>
    <property 
    name="java.class.path" value="/home/coderbot/build/testkit/pack/lib/testkit-1.0.jar:/home/coderbot/build/testkit/pack/lib/aws-java-sdk-config-1.11.337.jar:/home/coderbot/build/testkit/pack/lib/aws-java-sdk-swf-libraries-1.11.22.jar:/home/coderbot/build/testkit/pack/lib/aws-java-sdk-transcribe-1.11.337.jar:/home/coderbot/build/testkit/pack/lib/jmespath-java-1.11.337.jar:/home/coderbot/build/testkit/pack/lib/aws-java-sdk-acmpca-1.11.337.jar:/home/coderbot/build/testkit/pack/lib/aws-java-sdk-autoscaling-1.11.337.jar:/home/coderbot/build/testkit/pack/lib/javassist-3.18.2-GA.jar:/home/coderbot/build/testkit/pack/lib/aws-java-sdk-codestar-1.11.337.jar:/home/coderbot/build/testkit/pack/lib/scala-faker_2.11-0.3.jar:/home/coderbot/build/testkit/pack/lib/aws-java-sdk-sagemaker-1.11.337.jar:/home/coderbot/build/testkit/pack/lib/aws-java-sdk-route53-1.11.337.jar:/home/coderbot/build/testkit/pack/lib/aws-java-sdk-cloudwatchmetrics-1.11.337.jar:/home/coderbot/build/testkit/pack/lib/selenium-ie-driver-3.11.0-.jar:/home/coderbot/build/testkit/pack/lib/jackson-core-2.6.7.jar:/home/coderbot/build/testkit/pack/lib/play-functional_2.11-2.3.10.jar:/home/coderbot/build/testkit/pack/lib/aws-java-sdk-iam-1.11.337.jar:/home/coderbot/build/testkit/pack/lib/error_prone_annotations-2.1.3.jar:/home/coderbot/build/testkit/pack/lib/httpcore-nio-4.2.2.jar:/home/coderbot/build/testkit/pack/lib/aws-java-sdk-glue-1.11.337.jar:/home/coderbot/build/testkit/pack/lib/aws-java-sdk-emr-1.11.337.jar:/home/coderbot/build/testkit/pack/lib/aws-java-sdk-1.11.337.jar:/home/coderbot/build/testkit/pack/lib/aws-java-sdk-mq-1.11.337.jar:/home/coderbot/build/testkit/pack/lib/aws-java-sdk-cloudfront-1.11.337.jar:/home/coderbot/build/testkit/pack/lib/aws-java-sdk-shield-1.11.337.jar:/home/coderbot/build/testkit/pack/lib/play-exceptions-2.3.10.jar:/home/coderbot/build/testkit/pack/lib/netty-resolver-4.1.17.Final.jar:/home/coderbot/build/testkit/pack/lib/aws-java-sdk-directory-1.11.337.jar:/home/coderbot/build/testkit/pack/lib/jersey-json-1.5.jar:/home/coderbot/build/testkit/pack/lib/aws-java-sdk-dax-1.11.337.jar:/home/coderbot/build/testkit/pack/lib/aws-java-sdk-servermigration-1.11.337.jar:/home/coderbot/build/testkit/pack/lib/akka-actor_2.11-2.5.8.jar:/home/coderbot/build/testkit/pack/lib/aws-java-sdk-cloudformation-1.11.337.jar:/home/coderbot/build/testkit/pack/lib/aws-java-sdk-ec2-1.11.337.jar:/home/coderbot/build/testkit/pack/lib/akka-slf4j_2.11-2.3.4.jar:/home/coderbot/build/testkit/pack/lib/aws-java-sdk-api-gateway-1.11.337.jar:/home/coderbot/build/testkit/pack/lib/netty-3.9.9.Final.jar:/home/coderbot/build/testkit/pack/lib/aws-java-sdk-costandusagereport-1.11.337.jar:/home/coderbot/build/testkit/pack/lib/freemarker-2.3.23.jar:/home/coderbot/build/testkit/pack/lib/jackson-annotations-2.6.0.jar:/home/coderbot/build/testkit/pack/lib/aws-java-sdk-applicationautoscaling-1.11.337.jar:/home/coderbot/build/testkit/pack/lib/scala-xml_2.11-1.0.6.jar:/home/coderbot/build/testkit/pack/lib/aws-java-sdk-snowball-1.11.337.jar:/home/coderbot/build/testkit/pack/lib/aws-java-sdk-ecs-1.11.337.jar:/home/coderbot/build/testkit/pack/lib/json4s-ast_2.11-3.3.0.jar:/home/coderbot/build/testkit/pack/lib/json4s-core_2.11-3.3.0.jar:/home/coderbot/build/testkit/pack/lib/aws-java-sdk-iot1clickdevices-1.11.337.jar:/home/coderbot/build/testkit/pack/lib/aws-java-sdk-connect-1.11.337.jar:/home/coderbot/build/testkit/pack/lib/aws-java-sdk-batch-1.11.337.jar:/home/coderbot/build/testkit/pack/lib/mongodb-driver-async-3.2.2.jar:/home/coderbot/build/testkit/pack/lib/aws-java-sdk-logs-1.11.337.jar:/home/coderbot/build/testkit/pack/lib/aws-java-sdk-mobile-1.11.337.jar:/home/coderbot/build/testkit/pack/lib/aws-java-sdk-inspector-1.11.337.jar:/home/coderbot/build/testkit/pack/lib/aws-java-sdk-appsync-1.11.337.jar:/home/coderbot/build/testkit/pack/lib/activation-1.1.jar:/home/coderbot/build/testkit/pack/lib/jackson-jaxrs-1.5.5.jar:/home/coderbot/build/testkit/pack/lib/byte-buddy-1.7.9-.jar:/home/coderbot/build/testkit/pack/lib/ion-java-1.0.2.jar:/home/coderbot/build/testkit/pack/lib/atlassian-httpclient-spi-0.11.0.jar:/home/coderbot/build/testkit/pack/lib/stax-api-1.0.1.jar:/home/coderbot/build/testkit/pack/lib/joda-time-2.9.9.jar:/home/coderbot/build/testkit/pack/lib/aws-java-sdk-servicecatalog-1.11.337.jar:/home/coderbot/build/testkit/pack/lib/jackson-dataformat-cbor-2.6.7.jar:/home/coderbot/build/testkit/pack/lib/aws-java-sdk-cognitoidentity-1.11.337.jar:/home/coderbot/build/testkit/pack/lib/httpasyncclient-cache-4.0-beta3-atlassian-1.jar:/home/coderbot/build/testkit/pack/lib/twirl-api_2.11-1.0.2.jar:/home/coderbot/build/testkit/pack/lib/aws-java-sdk-secretsmanager-1.11.337.jar:/home/coderbot/build/testkit/pack/lib/aws-java-sdk-cloudhsm-1.11.337.jar:/home/coderbot/build/testkit/pack/lib/aws-java-sdk-mediapackage-1.11.337.jar:/home/coderbot/build/testkit/pack/lib/commons-lang3-3.1.jar:/home/coderbot/build/testkit/pack/lib/scala-stm_2.11-0.7.jar:/home/coderbot/build/testkit/pack/lib/signpost-commonshttp4-1.2.1.2.jar:/home/coderbot/build/testkit/pack/lib/selenium-chrome-driver-3.11.0-.jar:/home/coderbot/build/testkit/pack/lib/aws-java-sdk-efs-1.11.337.jar:/home/coderbot/build/testkit/pack/lib/spray-json_2.11-1.3.3.jar:/home/coderbot/build/testkit/pack/lib/aws-java-sdk-iot1clickprojects-1.11.337.jar:/home/coderbot/build/testkit/pack/lib/commons-codec-1.9.jar:/home/coderbot/build/testkit/pack/lib/play-iteratees_2.11-2.3.10.jar:/home/coderbot/build/testkit/pack/lib/scalactic_2.11-3.0.5.jar:/home/coderbot/build/testkit/pack/lib/jackson-databind-2.6.7.1.jar:/home/coderbot/build/testkit/pack/lib/jackson-mapper-asl-1.5.5.jar:/home/coderbot/build/testkit/pack/lib/selenium-remote-driver-3.11.0-.jar:/home/coderbot/build/testkit/pack/lib/aws-java-sdk-sqs-1.11.337.jar:/home/coderbot/build/testkit/pack/lib/okhttp-3.9.1-.jar:/home/coderbot/build/testkit/pack/lib/aws-java-sdk-cloudtrail-1.11.337.jar:/home/coderbot/build/testkit/pack/lib/jackson-xc-1.5.5.jar:/home/coderbot/build/testkit/pack/lib/aws-java-sdk-opsworkscm-1.11.337.jar:/home/coderbot/build/testkit/pack/lib/commons-exec-1.3-.jar:/home/coderbot/build/testkit/pack/lib/play-json_2.11-2.3.10.jar:/home/coderbot/build/testkit/pack/lib/sal-api-2.7.0.jar:/home/coderbot/build/testkit/pack/lib/json4s-jackson_2.11-3.3.0.jar:/home/coderbot/build/testkit/pack/lib/scala-logging_2.11-3.8.0.jar:/home/coderbot/build/testkit/pack/lib/ssl-config-core_2.11-0.2.2.jar:/home/coderbot/build/testkit/pack/lib/j2objc-annotations-1.1.jar:/home/coderbot/build/testkit/pack/lib/joda-convert-2.0.jar:/home/coderbot/build/testkit/pack/lib/okio-1.13.0-.jar:/home/coderbot/build/testkit/pack/lib/selenium-api-3.11.0-.jar:/home/coderbot/build/testkit/pack/lib/aws-java-sdk-resourcegroups-1.11.337.jar:/home/coderbot/build/testkit/pack/lib/aws-java-sdk-lambda-1.11.337.jar:/home/coderbot/build/testkit/pack/lib/aws-java-sdk-simpledb-1.11.337.jar:/home/coderbot/build/testkit/pack/lib/httpclient-cache-4.2.1-atlassian-2.jar:/home/coderbot/build/testkit/pack/lib/sqlite-jdbc-3.8.11.1.jar:/home/coderbot/build/testkit/pack/lib/selenium-safari-driver-3.11.0-.jar:/home/coderbot/build/testkit/pack/lib/aws-java-sdk-ssm-1.11.337.jar:/home/coderbot/build/testkit/pack/lib/aws-java-sdk-models-1.11.337.jar:/home/coderbot/build/testkit/pack/lib/jaxb-api-2.2.2.jar:/home/coderbot/build/testkit/pack/lib/aws-java-sdk-kms-1.11.337.jar:/home/coderbot/build/testkit/pack/lib/aws-java-sdk-rekognition-1.11.337.jar:/home/coderbot/build/testkit/pack/lib/play-datacommons_2.11-2.3.10.jar:/home/coderbot/build/testkit/pack/lib/aws-java-sdk-serverlessapplicationrepository-1.11.337.jar:/home/coderbot/build/testkit/pack/lib/aws-java-sdk-kinesisvideo-1.11.337.jar:/home/coderbot/build/testkit/pack/lib/aws-java-sdk-polly-1.11.337.jar:/home/coderbot/build/testkit/pack/lib/scala-compiler-2.11.6.jar:/home/coderbot/build/testkit/pack/lib/aws-java-sdk-devicefarm-1.11.337.jar:/home/coderbot/build/testkit/pack/lib/aws-java-sdk-clouddirectory-1.11.337.jar:/home/coderbot/build/testkit/pack/lib/aws-java-sdk-elasticsearch-1.11.337.jar:/home/coderbot/build/testkit/pack/lib/aws-java-sdk-alexaforbusiness-1.11.337.jar:/home/coderbot/build/testkit/pack/lib/aws-java-sdk-iot-1.11.337.jar:/home/coderbot/build/testkit/pack/lib/aws-java-sdk-pricing-1.11.337.jar:/home/coderbot/build/testkit/pack/lib/animal-sniffer-annotations-1.14.jar:/home/coderbot/build/testkit/pack/lib/slf4j-api-1.7.25.jar:/home/coderbot/build/testkit/pack/lib/aws-java-sdk-pinpoint-1.11.337.jar:/home/coderbot/build/testkit/pack/lib/spring-context-2.5.6.jar:/home/coderbot/build/testkit/pack/lib/aws-java-sdk-s3-1.11.337.jar:/home/coderbot/build/testkit/pack/lib/jcl-over-slf4j-1.7.6.jar:/home/coderbot/build/testkit/pack/lib/aws-java-sdk-elastictranscoder-1.11.337.jar:/home/coderbot/build/testkit/pack/lib/scala-csv_2.11-1.3.3.jar:/home/coderbot/build/testkit/pack/lib/awscala_2.11-0.6.3.jar:/home/coderbot/build/testkit/pack/lib/aws-java-sdk-redshift-1.11.337.jar:/home/coderbot/build/testkit/pack/lib/aws-java-sdk-workspaces-1.11.337.jar:/home/coderbot/build/testkit/pack/lib/aws-java-sdk-directconnect-1.11.337.jar:/home/coderbot/build/testkit/pack/lib/jsoup-1.9.1.jar:/home/coderbot/build/testkit/pack/lib/httpmime-4.1.2.jar:/home/coderbot/build/testkit/pack/lib/aws-java-sdk-cognitosync-1.11.337.jar:/home/coderbot/build/testkit/pack/lib/aws-java-sdk-codepipeline-1.11.337.jar:/home/coderbot/build/testkit/pack/lib/jira-rest-java-client-2.0.0-m2.jar:/home/coderbot/build/testkit/pack/lib/checker-compat-qual-2.0.0.jar:/home/coderbot/build/testkit/pack/lib/netty-handler-4.1.17.Final.jar:/home/coderbot/build/testkit/pack/lib/play-ws_2.11-2.3.10.jar:/home/coderbot/build/testkit/pack/lib/scala-async_2.11-0.9.5.jar:/home/coderbot/build/testkit/pack/lib/json4s-scalap_2.11-3.3.0.jar:/home/coderbot/build/testkit/pack/lib/aws-java-sdk-ses-1.11.337.jar:/home/coderbot/build/testkit/pack/lib/aws-java-sdk-dynamodb-1.11.337.jar:/home/coderbot/build/testkit/pack/lib/aws-java-sdk-kinesis-1.11.337.jar:/home/coderbot/build/testkit/pack/lib/gson-2.8.2-.jar:/home/coderbot/build/testkit/pack/lib/aws-java-sdk-costexplorer-1.11.337.jar:/home/coderbot/build/testkit/pack/lib/scala-library-2.11.12.jar:/home/coderbot/build/testkit/pack/lib/xercesImpl-2.11.0.jar:/home/coderbot/build/testkit/pack/lib/aws-java-sdk-datapipeline-1.11.337.jar:/home/coderbot/build/testkit/pack/lib/aws-java-sdk-marketplacecommerceanalytics-1.11.337.jar:/home/coderbot/build/testkit/pack/lib/postgresql-9.4-1205-jdbc41.jar:/home/coderbot/build/testkit/pack/lib/scalatest_2.11-3.0.5.jar:/home/coderbot/build/testkit/pack/lib/commons-logging-1.2-.jar:/home/coderbot/build/testkit/pack/lib/aws-java-sdk-elasticloadbalancingv2-1.11.337.jar:/home/coderbot/build/testkit/pack/lib/aws-java-sdk-lexmodelbuilding-1.11.337.jar:/home/coderbot/build/testkit/pack/lib/akka-stream_2.11-2.5.8.jar:/home/coderbot/build/testkit/pack/lib/reactive-streams-1.0.1.jar:/home/coderbot/build/testkit/pack/lib/jta-1.1.jar:/home/coderbot/build/testkit/pack/lib/aws-java-sdk-cloudwatch-1.11.337.jar:/home/coderbot/build/testkit/pack/lib/atlassian-httpclient-api-0.11.0.jar:/home/coderbot/build/testkit/pack/lib/aws-java-sdk-storagegateway-1.11.337.jar:/home/coderbot/build/testkit/pack/lib/mongo-scala-driver_2.11-1.1.1.jar:/home/coderbot/build/testkit/pack/lib/diffson-spray-json_2.11-2.1.2.jar:/home/coderbot/build/testkit/pack/lib/selenium-opera-driver-3.11.0-.jar:/home/coderbot/build/testkit/pack/lib/atlassian-httpclient-apache-httpcomponents-0.11.0.jar:/home/coderbot/build/testkit/pack/lib/aws-java-sdk-autoscalingplans-1.11.337.jar:/home/coderbot/build/testkit/pack/lib/atlassian-util-concurrent-2.4.0-M9.jar:/home/coderbot/build/testkit/pack/lib/netty-http-pipelining-1.1.2.jar:/home/coderbot/build/testkit/pack/lib/aws-java-sdk-events-1.11.337.jar:/home/coderbot/build/testkit/pack/lib/scala-pickling_2.11-0.10.1.jar:/home/coderbot/build/testkit/pack/lib/mongodb-driver-3.0.4.jar:/home/coderbot/build/testkit/pack/lib/jackson-core-asl-1.5.5.jar:/home/coderbot/build/testkit/pack/lib/httpasyncclient-4.0-beta3-atlassian-1.jar:/home/coderbot/build/testkit/pack/lib/aws-java-sdk-glacier-1.11.337.jar:/home/coderbot/build/testkit/pack/lib/jaxb-impl-2.2.3.jar:/home/coderbot/build/testkit/pack/lib/netty-common-4.1.17.Final.jar:/home/coderbot/build/testkit/pack/lib/netty-codec-http-4.1.17.Final.jar:/home/coderbot/build/testkit/pack/lib/aws-java-sdk-ecr-1.11.337.jar:/home/coderbot/build/testkit/pack/lib/aws-java-sdk-medialive-1.11.337.jar:/home/coderbot/build/testkit/pack/lib/build-link-2.3.10.jar:/home/coderbot/build/testkit/pack/lib/diffson-core_2.11-2.1.2.jar:/home/coderbot/build/testkit/pack/lib/zip4j-1.2.3.jar:/home/coderbot/build/testkit/pack/lib/aws-java-sdk-marketplaceentitlement-1.11.337.jar:/home/coderbot/build/testkit/pack/lib/aws-java-sdk-codebuild-1.11.337.jar:/home/coderbot/build/testkit/pack/lib/aws-java-sdk-codedeploy-1.11.337.jar:/home/coderbot/build/testkit/pack/lib/commons-io-2.5.jar:/home/coderbot/build/testkit/pack/lib/xml-apis-1.4.01.jar:/home/coderbot/build/testkit/pack/lib/atlassian-event-2.2.0.jar:/home/coderbot/build/testkit/pack/lib/aws-java-sdk-simpleworkflow-1.11.337.jar:/home/coderbot/build/testkit/pack/lib/commons-lang-2.4.jar:/home/coderbot/build/testkit/pack/lib/aws-java-sdk-machinelearning-1.11.337.jar:/home/coderbot/build/testkit/pack/lib/bson-3.2.2.jar:/home/coderbot/build/testkit/pack/lib/httpcore-4.4.9.jar:/home/coderbot/build/testkit/pack/lib/guava-23.6-jre-.jar:/home/coderbot/build/testkit/pack/lib/spring-beans-2.5.6.jar:/home/coderbot/build/testkit/pack/lib/aws-java-sdk-mediastore-1.11.337.jar:/home/coderbot/build/testkit/pack/lib/aws-java-sdk-opsworks-1.11.337.jar:/home/coderbot/build/testkit/pack/lib/aws-java-sdk-mediastoredata-1.11.337.jar:/home/coderbot/build/testkit/pack/lib/scala-java8-compat_2.11-0.7.0.jar:/home/coderbot/build/testkit/pack/lib/logback-core-1.2.3.jar:/home/coderbot/build/testkit/pack/lib/aws-java-sdk-guardduty-1.11.337.jar:/home/coderbot/build/testkit/pack/lib/aws-java-sdk-greengrass-1.11.337.jar:/home/coderbot/build/testkit/pack/lib/aws-java-sdk-waf-1.11.337.jar:/home/coderbot/build/testkit/pack/lib/aws-java-sdk-workmail-1.11.337.jar:/home/coderbot/build/testkit/pack/lib/aws-java-sdk-migrationhub-1.11.337.jar:/home/coderbot/build/testkit/pack/lib/aws-java-sdk-elasticloadbalancing-1.11.337.jar:/home/coderbot/build/testkit/pack/lib/async-http-client-1.8.15.jar:/home/coderbot/build/testkit/pack/lib/aws-java-sdk-sagemakerruntime-1.11.337.jar:/home/coderbot/build/testkit/pack/lib/aws-java-sdk-support-1.11.337.jar:/home/coderbot/build/testkit/pack/lib/aws-java-sdk-cloudhsmv2-1.11.337.jar:/home/coderbot/build/testkit/pack/lib/snakeyaml-1.13.jar:/home/coderbot/build/testkit/pack/lib/aws-java-sdk-athena-1.11.337.jar:/home/coderbot/build/testkit/pack/lib/aws-java-sdk-mediaconvert-1.11.337.jar:/home/coderbot/build/testkit/pack/lib/aws-java-sdk-servicediscovery-1.11.337.jar:/home/coderbot/build/testkit/pack/lib/aws-java-sdk-health-1.11.337.jar:/home/coderbot/build/testkit/pack/lib/netty-buffer-4.1.17.Final.jar:/home/coderbot/build/testkit/pack/lib/mongo-scala-bson_2.11-1.1.1.jar:/home/coderbot/build/testkit/pack/lib/aws-java-sdk-dms-1.11.337.jar:/home/coderbot/build/testkit/pack/lib/aws-java-sdk-cloud9-1.11.337.jar:/home/coderbot/build/testkit/pack/lib/jsr305-1.3.9.jar:/home/coderbot/build/testkit/pack/lib/aws-java-sdk-iotjobsdataplane-1.11.337.jar:/home/coderbot/build/testkit/pack/lib/aws-java-sdk-cloudsearch-1.11.337.jar:/home/coderbot/build/testkit/pack/lib/mongodb-driver-core-3.2.2.jar:/home/coderbot/build/testkit/pack/lib/aws-java-sdk-mechanicalturkrequester-1.11.337.jar:/home/coderbot/build/testkit/pack/lib/aws-java-sdk-core-1.11.337.jar:/home/coderbot/build/testkit/pack/lib/netty-codec-4.1.17.Final.jar:/home/coderbot/build/testkit/pack/lib/aws-java-sdk-resourcegroupstaggingapi-1.11.337.jar:/home/coderbot/build/testkit/pack/lib/nscala-time_2.11-2.16.0.jar:/home/coderbot/build/testkit/pack/lib/scala-reflect-2.11.12.jar:/home/coderbot/build/testkit/pack/lib/aws-java-sdk-discovery-1.11.337.jar:/home/coderbot/build/testkit/pack/lib/selenium-support-3.11.0-.jar:/home/coderbot/build/testkit/pack/lib/aws-java-sdk-fms-1.11.337.jar:/home/coderbot/build/testkit/pack/lib/aws-java-sdk-xray-1.11.337.jar:/home/coderbot/build/testkit/pack/lib/play_2.11-2.3.10.jar:/home/coderbot/build/testkit/pack/lib/aws-java-sdk-rds-1.11.337.jar:/home/coderbot/build/testkit/pack/lib/aws-java-sdk-lex-1.11.337.jar:/home/coderbot/build/testkit/pack/lib/aws-java-sdk-budgets-1.11.337.jar:/home/coderbot/build/testkit/pack/lib/aopalliance-1.0.jar:/home/coderbot/build/testkit/pack/lib/aws-java-sdk-sns-1.11.337.jar:/home/coderbot/build/testkit/pack/lib/aws-java-sdk-translate-1.11.337.jar:/home/coderbot/build/testkit/pack/lib/paranamer-2.8.jar:/home/coderbot/build/testkit/pack/lib/aws-java-sdk-elasticbeanstalk-1.11.337.jar:/home/coderbot/build/testkit/pack/lib/aws-java-sdk-cognitoidp-1.11.337.jar:/home/coderbot/build/testkit/pack/lib/stax-api-1.0-2.jar:/home/coderbot/build/testkit/pack/lib/httpclient-4.5.5.jar:/home/coderbot/build/testkit/pack/lib/aws-java-sdk-lightsail-1.11.337.jar:/home/coderbot/build/testkit/pack/lib/aws-java-sdk-elasticache-1.11.337.jar:/home/coderbot/build/testkit/pack/lib/aws-java-sdk-codecommit-1.11.337.jar:/home/coderbot/build/testkit/pack/lib/aws-java-sdk-iotanalytics-1.11.337.jar:/home/coderbot/build/testkit/pack/lib/scala-parser-combinators_2.11-1.0.4.jar:/home/coderbot/build/testkit/pack/lib/extentreports-2.41.1.jar:/home/coderbot/build/testkit/pack/lib/aws-java-sdk-comprehend-1.11.337.jar:/home/coderbot/build/testkit/pack/lib/jul-to-slf4j-1.7.6.jar:/home/coderbot/build/testkit/pack/lib/config-1.3.2.jar:/home/coderbot/build/testkit/pack/lib/jettison-1.1.jar:/home/coderbot/build/testkit/pack/lib/aws-java-sdk-gamelift-1.11.337.jar:/home/coderbot/build/testkit/pack/lib/aws-java-sdk-importexport-1.11.337.jar:/home/coderbot/build/testkit/pack/lib/logback-classic-1.2.3.jar:/home/coderbot/build/testkit/pack/lib/aws-java-sdk-sts-1.11.337.jar:/home/coderbot/build/testkit/pack/lib/aws-java-sdk-marketplacemeteringservice-1.11.337.jar:/home/coderbot/build/testkit/pack/lib/spring-core-2.5.6.jar:/home/coderbot/build/testkit/pack/lib/aws-java-sdk-workdocs-1.11.337.jar:/home/coderbot/build/testkit/pack/lib/netty-transport-4.1.17.Final.jar:/home/coderbot/build/testkit/pack/lib/selenium-edge-driver-3.11.0-.jar:/home/coderbot/build/testkit/pack/lib/jersey-client-1.5.jar:/home/coderbot/build/testkit/pack/lib/aws-java-sdk-organizations-1.11.337.jar:/home/coderbot/build/testkit/pack/lib/selenium-java-3.11.0.jar:/home/coderbot/build/testkit/pack/lib/selenium-firefox-driver-3.11.0-.jar:/home/coderbot/build/testkit/pack/lib/aws-java-sdk-appstream-1.11.337.jar:/home/coderbot/build/testkit/pack/lib/signpost-core-1.2.1.2.jar:/home/coderbot/build/testkit/pack/lib/jersey-core-1.5.jar:/home/coderbot/build/testkit/pack/lib/aws-java-sdk-acm-1.11.337.jar:/home/coderbot/build/testkit/pack/lib/aws-java-sdk-stepfunctions-1.11.337.jar">
</property>
    <property name="prog.home" value="/home/coderbot/build/testkit/pack"/>
    <property name="java.vm.specification.version" value="1.8"/>
    <property name="sun.arch.data.model" value="64"/>
    <property name="java.home" value="/usr/java/jdk1.8.0_131/jre"/>
    <property 
    name="sun.java.command" value="org.scalatest.tools.Runner -R testkit-1.0-tests.jar -n Smoke -u /home/coderbot/build/testkit/test-reports/ -o">
</property>
    <property name="java.specification.vendor" value="Oracle Corporation"/>
    <property name="user.language" value="en"/>
    <property name="awt.toolkit" value="sun.awt.X11.XToolkit"/>
    <property name="java.vm.info" value="mixed mode"/>
    <property name="java.version" value="1.8.0_131"/>
    <property 
    name="java.ext.dirs" value="/usr/java/jdk1.8.0_131/jre/lib/ext:/usr/java/packages/lib/ext">
</property>
    <property name="login.email" value="admin@sparkbeyond.com"/>
    <property 
    name="sun.boot.class.path" value="/usr/java/jdk1.8.0_131/jre/lib/resources.jar:/usr/java/jdk1.8.0_131/jre/lib/rt.jar:/usr/java/jdk1.8.0_131/jre/lib/sunrsasign.jar:/usr/java/jdk1.8.0_131/jre/lib/jsse.jar:/usr/java/jdk1.8.0_131/jre/lib/jce.jar:/usr/java/jdk1.8.0_131/jre/lib/charsets.jar:/usr/java/jdk1.8.0_131/jre/lib/jfr.jar:/usr/java/jdk1.8.0_131/jre/classes">
</property>
    <property name="java.vendor" value="Oracle Corporation"/>
    <property name="file.separator" value="/"/>
    <property 
    name="java.vendor.url.bug" value="http://bugreport.sun.com/bugreport/">
</property>
    <property name="sun.cpu.endian" value="little"/>
    <property name="sun.io.unicode.encoding" value="UnicodeLittle"/>
    <property name="sun.cpu.isalist" value=""/>
    <property name="login.password" value="1qaz@WSX"/>
  </properties>
  <system-out><![CDATA[]]></system-out>
  <system-err><![CDATA[]]></system-err>
</testsuite>
