<?xml version="1.0" encoding="UTF-8" ?>
<testsuite 
errors="0" failures="0" hostname="ip-172-33-156-196.eu-west-1.compute.internal" name="com.sparkbeyond.web.controllers.DpAuthenticationTestsFastCI" tests="0" time="0.009" timestamp="2018-06-26T14:32:52">
  <properties>
    <property name="java.runtime.name" value="Java(TM) SE Runtime Environment">
    </property>
    <property 
    name="sun.boot.library.path" value="/usr/java/jdk1.8.0_131/jre/lib/amd64">
</property>
    <property name="java.vm.version" value="25.131-b11"> </property>
    <property name="java.vm.vendor" value="Oracle Corporation"> </property>
    <property name="java.vendor.url" value="http://java.oracle.com/">
    </property>
    <property name="path.separator" value=":"> </property>
    <property name="java.vm.name" value="Java HotSpot(TM) 64-Bit Server VM">
    </property>
    <property name="file.encoding.pkg" value="sun.io"> </property>
    <property name="user.country" value="US"> </property>
    <property name="sun.java.launcher" value="SUN_STANDARD"> </property>
    <property name="sun.os.patch.level" value="unknown"> </property>
    <property 
    name="java.vm.specification.name" value="Java Virtual Machine Specification">
</property>
    <property name="user.dir" value="/home/coderbot/build"> </property>
    <property name="java.runtime.version" value="1.8.0_131-b11"> </property>
    <property 
    name="java.awt.graphicsenv" value="sun.awt.X11GraphicsEnvironment">
</property>
    <property 
    name="java.endorsed.dirs" value="/usr/java/jdk1.8.0_131/jre/lib/endorsed">
</property>
    <property name="os.arch" value="amd64"> </property>
    <property name="java.io.tmpdir" value="/tmp"> </property>
    <property name="line.separator" value=" "> </property>
    <property name="java.vm.specification.vendor" value="Oracle Corporation">
    </property>
    <property name="os.name" value="Linux"> </property>
    <property 
    name="config.file" value="/etc/sparkbeyond/discovery/coderbot_worker1.conf">
</property>
    <property name="sun.jnu.encoding" value="UTF-8"> </property>
    <property 
    name="java.library.path" value="/usr/java/packages/lib/amd64:/usr/lib64:/lib64:/lib:/usr/lib">
</property>
    <property name="rserve.run" value="false"> </property>
    <property 
    name="java.specification.name" value="Java Platform API Specification">
</property>
    <property name="java.class.version" value="52.0"> </property>
    <property 
    name="sun.management.compiler" value="HotSpot 64-Bit Tiered Compilers">
</property>
    <property name="prog.version" value="1.0"> </property>
    <property name="os.version" value="3.10.0-327.el7.x86_64"> </property>
    <property name="user.home" value="/home/coderbot"> </property>
    <property name="user.timezone" value=""> </property>
    <property name="java.awt.printerjob" value="sun.print.PSPrinterJob">
    </property>
    <property name="file.encoding" value="UTF-8"> </property>
    <property name="java.specification.version" value="1.8"> </property>
    <property name="user.name" value="coderbot"> </property>
    <property 
    name="java.class.path" value="/home/coderbot/build/web/lib/jnumbers-0.1.0.jar:/home/coderbot/build/web/lib/org.apache.poi.poi-3.10.1.jar:/home/coderbot/build/web/lib/com.vividsolutions.jts-1.13.jar:/home/coderbot/build/web/lib/org.apache.hive.shims.hive-shims-0.20S-0.14.0.jar:/home/coderbot/build/web/lib/redis.clients.jedis-2.1.0.jar:/home/coderbot/build/web/lib/com.github.mesagie.web-1.0.jar:/home/coderbot/build/web/lib/org.twitter4j.twitter4j-core-4.0.2.jar:/home/coderbot/build/web/lib/org.apache.directory.api.api-util-1.0.0-M20.jar:/home/coderbot/build/web/lib/com.typesafe.akka.akka-slf4j_2.11-2.5.8.jar:/home/coderbot/build/web/lib/commons-digester.commons-digester-1.8.jar:/home/coderbot/build/web/lib/org.antlr.antlr-runtime-3.4.jar:/home/coderbot/build/web/lib/org.codehaus.mojo.animal-sniffer-annotations-1.14.jar:/home/coderbot/build/web/lib/org.jaitools.jt-zonalstats-1.3.1.jar:/home/coderbot/build/web/lib/org.apache.commons.commons-math3-3.6.1.jar:/home/coderbot/build/web/lib/net.java.dev.jsr-275.jsr-275-1.0-beta-2.jar:/home/coderbot/build/web/lib/javax.servlet.jsp.jsp-api-2.1.jar:/home/coderbot/build/web/lib/org.eclipse.jetty.aggregate.jetty-all-7.6.0.v20120127.jar:/home/coderbot/build/web/lib/org.mongodb.casbah-core_2.11-3.1.1.jar:/home/coderbot/build/web/lib/com.typesafe.akka.akka-actor_2.11-2.5.8.jar:/home/coderbot/build/web/lib/javax.xml.bind.jaxb-api-2.2.7.jar:/home/coderbot/build/web/lib/commons-pool.commons-pool-1.5.5.jar:/home/coderbot/build/web/lib/org.ow2.asm.asm-commons-5.0.3.jar:/home/coderbot/build/web/lib/org.mongodb.scala.mongo-scala-driver_2.11-1.1.1.jar:/home/coderbot/build/web/lib/ch.qos.logback.logback-core-1.1.2.jar:/home/coderbot/build/web/lib/com.github.mesagie.macros-1.0.jar:/home/coderbot/build/web/lib/javax.servlet.servlet-api-2.5.jar:/home/coderbot/build/web/lib/com.sun.jersey.jersey-server-1.9.jar:/home/coderbot/build/web/lib/org.scala-lang.scala-compiler-2.11.11.jar:/home/coderbot/build/web/lib/org.apache.hadoop.hadoop-annotations-2.5.1-mapr-1503.jar:/home/coderbot/build/web/lib/Eureqa.jar:/home/coderbot/build/web/lib/tdgssconfig.jar:/home/coderbot/build/web/lib/fi.solita.clamav.clamav-client-1.0.1.jar:/home/coderbot/build/web/lib/org.mortbay.jetty.jetty-util-6.1.26.jar:/home/coderbot/build/web/lib/it.unimi.dsi.fastutil-7.0.12.jar:/home/coderbot/build/web/lib/com.google.code.findbugs.jsr305-1.3.9.jar:/home/coderbot/build/web/lib/org.apache.curator.curator-framework-2.6.0.jar:/home/coderbot/build/web/lib/org.apache.hive.hive-shims-0.14.0.jar:/home/coderbot/build/web/lib/org.scalaj.scalaj-http_2.11-1.1.5.jar:/home/coderbot/build/web/lib/org.apache.directory.server.apacheds-kerberos-codec-2.0.0-M15.jar:/home/coderbot/build/web/lib/ch.qos.logback.logback-classic-1.1.2.jar:/home/coderbot/build/web/lib/org.apache.hive.hive-metastore-0.14.0.jar:/home/coderbot/build/web/lib/org.jdom.jdom-1.1.3.jar:/home/coderbot/build/web/lib/com.maxmind.geoip2.geoip2-2.0.0.jar:/home/coderbot/build/web/lib/commons-httpclient.commons-httpclient-3.1.jar:/home/coderbot/build/web/lib/com.typesafe.play.twirl-api_2.11-1.3.12.jar:/home/coderbot/build/web/lib/org.geotools.gt-referencing-13-RC1.jar:/home/coderbot/build/web/lib/com.fasterxml.jackson.core.jackson-databind-2.6.2.jar:/home/coderbot/build/web/lib/com.typesafe.akka.akka-http_2.11-10.0.11.jar:/home/coderbot/build/web/lib/org.apache.pdfbox.pdfbox-1.8.2.jar:/home/coderbot/build/web/lib/commons-lang.commons-lang-2.6.jar:/home/coderbot/build/web/lib/org.ow2.asm.asm-tree-5.0.3.jar:/home/coderbot/build/web/lib/org.scala-lang.modules.scala-xml_2.11-1.0.6.jar:/home/coderbot/build/web/lib/org.mongodb.mongodb-driver-core-3.2.2.jar:/home/coderbot/build/web/lib/org.typelevel.macro-compat_2.11-1.1.1.jar:/home/coderbot/build/web/lib/org.jsoup.jsoup-1.7.3.jar:/home/coderbot/build/web/lib/com.chuusai.shapeless_2.11-2.3.2.jar:/home/coderbot/build/web/lib/org.apache.thrift.libthrift-0.9.0.jar:/home/coderbot/build/web/lib/xerces.xercesImpl-2.11.0.jar:/home/coderbot/build/web/lib/com.amazonaws.aws-java-sdk-kms-1.10.46.jar:/home/coderbot/build/web/lib/com.google.guava.guava-23.0.jar:/home/coderbot/build/web/lib/org.geotools.gt-opengis-13-RC1.jar:/home/coderbot/build/web/lib/org.codehaus.jackson.jackson-core-asl-1.9.13.jar:/home/coderbot/build/web/lib/org.tukaani.xz-1.5.jar:/home/coderbot/build/web/lib/org.scala-lang.scala-reflect-2.11.11.jar:/home/coderbot/build/web/lib/com.fasterxml.aalto-xml-1.0.0.jar:/home/coderbot/build/web/lib/org.scala-lang.modules.scala-async_2.11-0.9.7.jar:/home/coderbot/build/web/lib/org.mongodb.scala.mongo-scala-bson_2.11-1.1.1.jar:/home/coderbot/build/web/lib/de.jollyday.jollyday-0.4.7.jar:/home/coderbot/build/web/lib/org.json.json-20090211.jar:/home/coderbot/build/web/lib/org.apache.geronimo.specs.geronimo-jaspic_1.0_spec-1.0.jar:/home/coderbot/build/web/lib/org.json4s.json4s-mongo_2.11-3.3.0.jar:/home/coderbot/build/web/lib/org.geotools.gt-main-13-RC1.jar:/home/coderbot/build/web/lib/tomcat.jasper-runtime-5.5.23.jar:/home/coderbot/build/web/lib/javax.jdo.jdo-api-3.0.1.jar:/home/coderbot/build/web/lib/org.ow2.asm.asm-util-5.0.3.jar:/home/coderbot/build/web/lib/org.jaitools.jt-utils-1.3.1.jar:/home/coderbot/build/web/lib/com.amazonaws.aws-java-sdk-s3-1.10.46.jar:/home/coderbot/build/web/lib/terajdbc4.jar:/home/coderbot/build/web/lib/org.xerial.snappy.snappy-java-1.0.5.jar:/home/coderbot/build/web/lib/org.apache.hadoop.hadoop-hdfs-2.5.1-mapr-1503.jar:/home/coderbot/build/web/lib/javax.activation.activation-1.1.jar:/home/coderbot/build/web/lib/org.mongodb.mongo-java-driver-3.2.2.jar:/home/coderbot/build/web/lib/org.json4s.json4s-jackson_2.11-3.3.0.jar:/home/coderbot/build/web/lib/com.koloboke.koloboke-impl-common-jdk6-7-1.0.0.jar:/home/coderbot/build/web/lib/reified3.jar:/home/coderbot/build/web/lib/commons-collections.commons-collections-3.2.1.jar:/home/coderbot/build/web/lib/com.typesafe.play.play-json_2.11-2.6.8.jar:/home/coderbot/build/web/lib/org.apache.commons.commons-csv-1.2.jar:/home/coderbot/build/web/lib/org.apache.pdfbox.fontbox-1.8.2.jar:/home/coderbot/build/web/lib/com.amazonaws.aws-java-sdk-ec2-1.10.46.jar:/home/coderbot/build/web/lib/org.scala-lang.modules.scala-java8-compat_2.11-0.8.0.jar:/home/coderbot/build/web/lib/org.geotools.gt-shapefile-13-RC1.jar:/home/coderbot/build/web/lib/net.java.dev.jets3t.jets3t-0.9.0.jar:/home/coderbot/build/web/lib/org.rosuda.REngine.REngine-2.1.0.jar:/home/coderbot/build/web/lib/com.github.mesagie.dpwebviews-1.0.jar:/home/coderbot/build/web/lib/org.scala-lang.modules.scala-parser-combinators_2.11-1.0.6.jar:/home/coderbot/build/web/lib/org.apache.hive.hive-jdbc-0.14.0.jar:/home/coderbot/build/web/lib/org.geotools.gt-metadata-13-RC1.jar:/home/coderbot/build/web/lib/commons-codec.commons-codec-1.10.jar:/home/coderbot/build/web/lib/tomcat.jasper-compiler-5.5.23.jar:/home/coderbot/build/web/lib/com.github.scopt.scopt_2.11-3.5.0.jar:/home/coderbot/build/web/lib/org.apache.directory.server.apacheds-i18n-2.0.0-M15.jar:/home/coderbot/build/web/lib/org.json4s.json4s-ext_2.11-3.3.0.jar:/home/coderbot/build/web/lib/org.apache.hive.hive-common-0.14.0.jar:/home/coderbot/build/web/lib/org.reactivestreams.reactive-streams-1.0.1.jar:/home/coderbot/build/web/lib/com.mapr.hadoop.maprfs-4.1.0-mapr.jar:/home/coderbot/build/web/lib/com.typesafe.play.play_2.11-2.6.10.jar:/home/coderbot/build/web/lib/java3d.vecmath-1.3.2.jar:/home/coderbot/build/web/lib/org.bouncycastle.bcpg-jdk15on-1.54.jar:/home/coderbot/build/web/lib/io.netty.netty-3.9.9.Final.jar:/home/coderbot/build/web/lib/org.apache.commons.commons-compress-1.10.jar:/home/coderbot/build/web/lib/org.mongodb.casbah-gridfs_2.11-3.1.1.jar:/home/coderbot/build/web/lib/xmlenc.xmlenc-0.52.jar:/home/coderbot/build/web/lib/reified6.jar:/home/coderbot/build/web/lib/org.apache.hadoop.hadoop-common-2.5.1-mapr-1503.jar:/home/coderbot/build/web/lib/org.mongodb.mongodb-driver-async-3.2.2.jar:/home/coderbot/build/web/lib/com.typesafe.play.play-exceptions-2.6.10.jar:/home/coderbot/build/web/lib/commons-net.commons-net-3.1.jar:/home/coderbot/build/web/lib/commons-daemon.commons-daemon-1.0.13.jar:/home/coderbot/build/web/lib/org.apache.hive.shims.hive-shims-common-0.14.0.jar:/home/coderbot/build/web/lib/commons-configuration.commons-configuration-1.6.jar:/home/coderbot/build/web/lib/edu.emory.mathcs.nlp.nlp4j-english-1.1.3.jar:/home/coderbot/build/web/lib/org.apache.geronimo.specs.geronimo-jta_1.1_spec-1.1.1.jar:/home/coderbot/build/web/lib/dom4j.dom4j-1.6.1.jar:/home/coderbot/build/web/lib/org.hsqldb.hsqldb-2.2.8.jar:/home/coderbot/build/web/lib/org.apache.avro.avro-1.7.6.jar:/home/coderbot/build/web/lib/javax.media.jai_imageio-1.1.jar:/home/coderbot/build/web/lib/antlr.antlr-2.7.7.jar:/home/coderbot/build/web/lib/commons-dbcp.commons-dbcp-1.4.jar:/home/coderbot/build/web/lib/org.apache.hive.shims.hive-shims-0.23-0.14.0.jar:/home/coderbot/build/web/lib/org.apache.hive.hive-service-0.14.0.jar:/home/coderbot/build/web/lib/org.joda.joda-convert-1.8.1.jar:/home/coderbot/build/web/lib/edu.emory.mathcs.nlp.nlp4j-api-1.1.3.jar:/home/coderbot/build/web/lib/com.koloboke.koloboke-impl-jdk6-7-1.0.0.jar:/home/coderbot/build/web/lib/log4j.log4j-1.2.17.jar:/home/coderbot/build/web/lib/org.apache.ant.ant-1.9.1.jar:/home/coderbot/build/web/lib/org.codehaus.jackson.jackson-xc-1.8.3.jar:/home/coderbot/build/web/lib/com.jolbox.bonecp-0.8.0.RELEASE.jar:/home/coderbot/build/web/lib/org.slf4j.slf4j-api-1.7.25.jar:/home/coderbot/build/web/lib/com.unboundid.unboundid-ldapsdk-4.0.4.jar:/home/coderbot/build/web/lib/com.github.mesagie.serverutil-1.0.jar:/home/coderbot/build/web/lib/org.openjdk.jol.jol-core-0.8.jar:/home/coderbot/build/web/lib/com.typesafe.play.build-link-2.6.10.jar:/home/coderbot/build/web/lib/org.mongodb.casbah-query_2.11-3.1.1.jar:/home/coderbot/build/web/lib/com.sun.jersey.jersey-json-1.9.jar:/home/coderbot/build/web/lib/org.apache.httpcomponents.httpcore-4.3.3.jar:/home/coderbot/build/web/lib/commons-logging.commons-logging-1.1.3.jar:/home/coderbot/build/web/lib/gov.sandia.foundry.porter-stemmer-1.4.jar:/home/coderbot/build/web/lib/net.logstash.logback.logstash-logback-encoder-3.3.jar:/home/coderbot/build/web/lib/org.apache.hadoop.hadoop-auth-2.5.1-mapr-1503.jar:/home/coderbot/build/web/lib/org.mongodb.bson-3.2.2.jar:/home/coderbot/build/web/lib/org.apache.commons.commons-math-2.1.jar:/home/coderbot/build/web/lib/org.apache.curator.curator-client-2.6.0.jar:/home/coderbot/build/web/lib/com.google.http-client.google-http-client-1.19.0.jar:/home/coderbot/build/web/lib/com.typesafe.akka.akka-parsing_2.11-10.0.11.jar:/home/coderbot/build/web/lib/org.geotools.gt-api-13-RC1.jar:/home/coderbot/build/web/lib/commons-beanutils.commons-beanutils-1.7.0.jar:/home/coderbot/build/web/lib/org.scala-lang.scala-library-2.11.11.jar:/home/coderbot/build/web/lib/org.geotools.gt-epsg-hsql-13-RC1.jar:/home/coderbot/build/web/lib/com.github.tototoshi.slick-joda-mapper_2.11-2.3.0.jar:/home/coderbot/build/web/lib/org.codehaus.woodstox.stax2-api-4.0.0.jar:/home/coderbot/build/web/lib/org.apache.poi.poi-ooxml-3.10.1.jar:/home/coderbot/build/web/lib/com.jamesmurty.utils.java-xmlbuilder-0.4.jar:/home/coderbot/build/web/lib/com.typesafe.akka.akka-stream_2.11-2.5.8.jar:/home/coderbot/build/web/lib/org.datanucleus.datanucleus-rdbms-3.2.9.jar:/home/coderbot/build/web/lib/de.heikoseeberger.akka-http-json4s_2.11-1.18.1.jar:/home/coderbot/build/web/lib/org.antlr.stringtemplate-3.2.1.jar:/home/coderbot/build/web/lib/com.mapr.hadoop.maprfs-jni-4.1.0-mapr.jar:/home/coderbot/build/web/lib/org.drizzle.jdbc.drizzle-jdbc-1.3.jar:/home/coderbot/build/web/lib/org.clapper.classutil_2.11-1.0.5.jar:/home/coderbot/build/web/lib/io.reactivex.rxjava-1.0.12.jar:/home/coderbot/build/web/lib/org.apache.httpcomponents.httpclient-4.3.6.jar:/home/coderbot/build/web/lib/net.java.dev.jna.jna-4.2.2.jar:/home/coderbot/build/web/lib/it.geosolutions.imageio-ext.imageio-ext-utilities-1.1.10.jar:/home/coderbot/build/web/lib/com.typesafe.akka.akka-http-core_2.11-10.0.11.jar:/home/coderbot/build/web/lib/org.apache.zookeeper.zookeeper-3.4.5.jar:/home/coderbot/build/web/lib/org.codehaus.jackson.jackson-mapper-asl-1.9.13.jar:/home/coderbot/build/web/lib/com.github.ben-manes.caffeine.caffeine-2.6.2.jar:/home/coderbot/build/web/lib/org.rosuda.REngine.Rserve-1.8.1.jar:/home/coderbot/build/web/lib/com.thoughtworks.paranamer.paranamer-2.8.jar:/home/coderbot/build/web/lib/com.zaxxer.HikariCP-3.1.0.jar:/home/coderbot/build/web/lib/jgridshift.jgridshift-1.0.jar:/home/coderbot/build/web/lib/javax.media.jai_core-1.1.3.jar:/home/coderbot/build/web/lib/org.slf4j.jul-to-slf4j-1.7.7.jar:/home/coderbot/build/web/lib/com.typesafe.play.play-streams_2.11-2.6.10.jar:/home/coderbot/build/web/lib/org.clapper.grizzled-scala_2.11-1.2.jar:/home/coderbot/build/web/lib/org.apache.hive.shims.hive-shims-0.20-0.14.0.jar:/home/coderbot/build/web/lib/com.maxmind.db.maxmind-db-1.0.0.jar:/home/coderbot/build/web/lib/com.github.nscala-time.nscala-time_2.11-1.0.0.jar:/home/coderbot/build/web/lib/joda-time.joda-time-2.9.9.jar:/home/coderbot/build/web/lib/reified0.jar:/home/coderbot/build/web/lib/org.codehaus.jettison.jettison-1.1.jar:/home/coderbot/build/web/lib/org.bouncycastle.bcprov-jdk15on-1.54.jar:/home/coderbot/build/web/lib/org.postgresql.postgresql-9.4-1205-jdbc41.jar:/home/coderbot/build/web/lib/com.google.protobuf.protobuf-java-2.5.0.jar:/home/coderbot/build/web/lib/reified2.jar:/home/coderbot/build/web/lib/com.github.davidmoten.rtree-0.6.4.jar:/home/coderbot/build/web/lib/com.typesafe.play.play-netty-utils-2.6.10.jar:/home/coderbot/build/web/lib/com.likethecolor.alchemy-1.1.2.jar:/home/coderbot/build/web/lib/reified1.jar:/home/coderbot/build/web/lib/com.typesafe.config-1.3.2.jar:/home/coderbot/build/web/lib/com.typesafe.slick.slick_2.11-3.2.1.jar:/home/coderbot/build/web/lib/com.softwaremill.akka-http-session.core_2.11-0.5.3.jar:/home/coderbot/build/web/lib/org.apache.thrift.libfb303-0.9.0.jar:/home/coderbot/build/web/lib/org.mongodb.casbah-commons_2.11-3.1.1.jar:/home/coderbot/build/web/lib/net.sf.opencsv.opencsv-2.3.jar:/home/coderbot/build/web/lib/it.geosolutions.imageio-ext.imageio-ext-tiff-1.1.10.jar:/home/coderbot/build/web/lib/org.geotools.gt-geotiff-13-RC1.jar:/home/coderbot/build/web/lib/jline.jline-2.6.jar:/home/coderbot/build/web/lib/reified4.jar:/home/coderbot/build/web/lib/com.amazonaws.aws-java-sdk-core-1.10.46.jar:/home/coderbot/build/web/lib/org.apache.pdfbox.jempbox-1.8.2.jar:/home/coderbot/build/web/lib/commons-el.commons-el-1.0.jar:/home/coderbot/build/web/lib/com.typesafe.ssl-config-core_2.11-0.2.2.jar:/home/coderbot/build/web/lib/net.sf.jpam.jpam-1.1.jar:/home/coderbot/build/web/lib/org.apache.hive.hive-serde-0.14.0.jar:/home/coderbot/build/web/lib/javax.mail.mail-1.4.7.jar:/home/coderbot/build/web/lib/org.apache.directory.api.api-asn1-api-1.0.0-M20.jar:/home/coderbot/build/web/lib/reified5.jar:/home/coderbot/build/web/lib/com.h2database.h2-1.3.175.jar:/home/coderbot/build/web/lib/com.sun.jersey.jersey-core-1.9.jar:/home/coderbot/build/web/lib/org.apache.derby.derby-10.10.1.1.jar:/home/coderbot/build/web/lib/javax.inject.javax.inject-1.jar:/home/coderbot/build/web/lib/org.datanucleus.datanucleus-core-3.2.10.jar:/home/coderbot/build/web/lib/com.google.errorprone.error_prone_annotations-2.0.18.jar:/home/coderbot/build/web/lib/com.github.mesagie.webclient-assets-1.0.jar:/home/coderbot/build/web/lib/org.codehaus.jackson.jackson-jaxrs-1.8.3.jar:/home/coderbot/build/web/lib/com.typesafe.play.play-functional_2.11-2.6.8.jar:/home/coderbot/build/web/lib/org.apache.ant.ant-launcher-1.9.1.jar:/home/coderbot/build/web/lib/com.github.mesagie.engine-1.0.jar:/home/coderbot/build/web/lib/org.apache.poi.poi-ooxml-schemas-3.10.1.jar:/home/coderbot/build/web/lib/commons-io.commons-io-2.4.jar:/home/coderbot/build/web/lib/com.koloboke.koloboke-api-jdk6-7-1.0.0.jar:/home/coderbot/build/web/lib/org.apache.hive.shims.hive-shims-common-secure-0.14.0.jar:/home/coderbot/build/web/lib/com.fasterxml.jackson.core.jackson-annotations-2.6.0.jar:/home/coderbot/build/web/lib/com.jcraft.jsch-0.1.42.jar:/home/coderbot/build/web/lib/org.apache.commons.commons-lang3-3.6.jar:/home/coderbot/build/web/lib/javax.media.jai_codec-1.1.3.jar:/home/coderbot/build/web/lib/commons-cli.commons-cli-1.3.1.jar:/home/coderbot/build/web/lib/com.github.mesagie.runtime-1.0.jar:/home/coderbot/build/web/lib/com.ning.async-http-client-1.8.15.jar:/home/coderbot/build/web/lib/org.clapper.grizzled-slf4j_2.11-1.0.2.jar:/home/coderbot/build/web/lib/org.ow2.asm.asm-5.0.3.jar:/home/coderbot/build/web/lib/org.json4s.json4s-core_2.11-3.3.0.jar:/home/coderbot/build/web/lib/net.sf.jgrapht.jgrapht-0.8.3.jar:/home/coderbot/build/web/lib/org.geotools.gt-coverage-13-RC1.jar:/home/coderbot/build/web/lib/org.magicwerk.brownies-collections-0.9.13.jar:/home/coderbot/build/web/lib/org.json4s.json4s-ast_2.11-3.3.0.jar:/home/coderbot/build/web/lib/org.apache.geronimo.specs.geronimo-annotation_1.0_spec-1.1.1.jar:/home/coderbot/build/web/lib/com.fasterxml.jackson.core.jackson-core-2.6.2.jar:/home/coderbot/build/web/lib/org.datanucleus.datanucleus-api-jdo-3.2.6.jar:/home/coderbot/build/web/lib/org.json4s.json4s-scalap_2.11-3.3.0.jar:/home/coderbot/build/web/lib/org.mortbay.jetty.jetty-6.1.26.jar:/home/coderbot/build/web/lib/org.logback-extensions.logback-ext-loggly-0.1.4.jar:/home/coderbot/build/web/lib/com.sun.xml.bind.jaxb-impl-2.2.3-1.jar:/home/coderbot/build/web/lib/nxparser-1.1.jar:/home/coderbot/build/web/lib/com.google.j2objc.j2objc-annotations-1.1.jar:/home/coderbot/build/web/lib/javax.transaction.jta-1.1.jar:/home/coderbot/build/web/lib/org.geotools.gt-data-13-RC1.jar:/home/coderbot/build/web/lib/xml-apis.xml-apis-1.4.01.jar:/home/coderbot/build/web/lib/scalatest_2.11-2.2.0.jar:/home/coderbot/build/web/lib/scalacheck_2.11-1.11.5.jar:/home/coderbot/build/web/lib/play-ws_2.11-2.3.10.jar:/home/coderbot/build/web/lib/selenium-api-3.11.0.jar:/home/coderbot/build/web/lib/selenium-firefox-driver-3.11.0.jar:/home/coderbot/build/web/lib/selenium-remote-driver-3.11.0.jar:/home/coderbot/build/web/lib/akka-testkit_2.11-2.5.8.jar:/home/coderbot/build/web/lib/akka-http-testkit_2.11-10.0.11.jar:/home/coderbot/build/web/lib/engine-tests-c0a217a1baca15a838da73a6999ece352aaa9922.jar">
</property>
    <property name="prog.home" value="/home/coderbot/build/web"> </property>
    <property name="java.vm.specification.version" value="1.8"> </property>
    <property name="sun.arch.data.model" value="64"> </property>
    <property name="java.home" value="/usr/java/jdk1.8.0_131/jre"> </property>
    <property 
    name="sun.java.command" value="org.scalatest.tools.Runner -R artifacts/web-tests-c0a217a1baca15a838da73a6999ece352aaa9922.jar -n com.sparkbeyond.tags.Fast -u web-test-reports/ -oID">
</property>
    <property name="java.specification.vendor" value="Oracle Corporation">
    </property>
    <property name="user.language" value="en"> </property>
    <property name="awt.toolkit" value="sun.awt.X11.XToolkit"> </property>
    <property name="java.vm.info" value="mixed mode"> </property>
    <property name="java.version" value="1.8.0_131"> </property>
    <property 
    name="java.ext.dirs" value="/usr/java/jdk1.8.0_131/jre/lib/ext:/usr/java/packages/lib/ext">
</property>
    <property 
    name="sun.boot.class.path" value="/usr/java/jdk1.8.0_131/jre/lib/resources.jar:/usr/java/jdk1.8.0_131/jre/lib/rt.jar:/usr/java/jdk1.8.0_131/jre/lib/sunrsasign.jar:/usr/java/jdk1.8.0_131/jre/lib/jsse.jar:/usr/java/jdk1.8.0_131/jre/lib/jce.jar:/usr/java/jdk1.8.0_131/jre/lib/charsets.jar:/usr/java/jdk1.8.0_131/jre/lib/jfr.jar:/usr/java/jdk1.8.0_131/jre/classes">
</property>
    <property name="java.vendor" value="Oracle Corporation"> </property>
    <property name="file.separator" value="/"> </property>
    <property 
    name="java.vendor.url.bug" value="http://bugreport.sun.com/bugreport/">
</property>
    <property name="sun.cpu.endian" value="little"> </property>
    <property name="sun.io.unicode.encoding" value="UnicodeLittle"> </property>
    <property name="externalProcessCommunicator.port" value="10000">
    </property>
    <property name="sun.cpu.isalist" value=""> </property>
  </properties>
  <system-out><![CDATA[]]></system-out>
  <system-err><![CDATA[]]></system-err>
</testsuite>
